<?xml version="1.0" encoding="UTF-8"?>
<!-- Generated by org.testng.reporters.JUnitReportReporter -->
<testsuite hostname="rajiv-ThinkPad-X230" failures="0" tests="1" name="stepdef.testrunner" time="35.237" errors="0" timestamp="2023-07-10T14:50:07 IST" skipped="0">
  <testcase classname="stepdef.testrunner" name="runScenario" time="35.237"/>
</testsuite> <!-- stepdef.testrunner -->
