<?xml version="1.0" encoding="UTF-8"?>
<!-- Generated by org.testng.reporters.JUnitReportReporter -->
<testsuite hostname="rajiv-ThinkPad-X230" failures="0" tests="1" name="stepdef.Testrunner" time="7.533" errors="0" timestamp="2023-07-28T10:51:10 IST" skipped="0">
  <testcase classname="stepdef.Testrunner" name="runScenario" time="7.533"/>
</testsuite> <!-- stepdef.Testrunner -->
